c:\users\minhaj ahmed moin\documents\visual studio 2017\projects\oop assignment 2\oop assignment 2\x64\debug\oop assignment 2.pch
c:\users\minhaj ahmed moin\documents\visual studio 2017\projects\oop assignment 2\oop assignment 2\x64\debug\vc141.pdb
c:\users\minhaj ahmed moin\documents\visual studio 2017\projects\oop assignment 2\oop assignment 2\x64\debug\vc141.idb
c:\users\minhaj ahmed moin\documents\visual studio 2017\projects\oop assignment 2\oop assignment 2\x64\debug\stdafx.obj
c:\users\minhaj ahmed moin\documents\visual studio 2017\projects\oop assignment 2\oop assignment 2\x64\debug\colddrink.obj
c:\users\minhaj ahmed moin\documents\visual studio 2017\projects\oop assignment 2\oop assignment 2\x64\debug\customersinfo.obj
c:\users\minhaj ahmed moin\documents\visual studio 2017\projects\oop assignment 2\oop assignment 2\x64\debug\date.obj
c:\users\minhaj ahmed moin\documents\visual studio 2017\projects\oop assignment 2\oop assignment 2\x64\debug\floor.obj
c:\users\minhaj ahmed moin\documents\visual studio 2017\projects\oop assignment 2\oop assignment 2\x64\debug\oopassignment2.obj
c:\users\minhaj ahmed moin\documents\visual studio 2017\projects\oop assignment 2\oop assignment 2\x64\debug\person.obj
c:\users\minhaj ahmed moin\documents\visual studio 2017\projects\oop assignment 2\oop assignment 2\x64\debug\room.obj
c:\users\minhaj ahmed moin\documents\visual studio 2017\projects\oop assignment 2\oop assignment 2\x64\debug\time.obj
c:\users\minhaj ahmed moin\documents\visual studio 2017\projects\oop assignment 2\oop assignment 2\x64\debug\functions.obj
c:\users\minhaj ahmed moin\documents\visual studio 2017\projects\oop assignment 2\x64\debug\oop assignment 2.exe
c:\users\minhaj ahmed moin\documents\visual studio 2017\projects\oop assignment 2\x64\debug\oop assignment 2.ilk
c:\users\minhaj ahmed moin\documents\visual studio 2017\projects\oop assignment 2\x64\debug\oop assignment 2.pdb
c:\users\minhaj ahmed moin\documents\visual studio 2017\projects\oop assignment 2\oop assignment 2\x64\debug\oop assignment 2.tlog\cl.command.1.tlog
c:\users\minhaj ahmed moin\documents\visual studio 2017\projects\oop assignment 2\oop assignment 2\x64\debug\oop assignment 2.tlog\cl.read.1.tlog
c:\users\minhaj ahmed moin\documents\visual studio 2017\projects\oop assignment 2\oop assignment 2\x64\debug\oop assignment 2.tlog\cl.write.1.tlog
c:\users\minhaj ahmed moin\documents\visual studio 2017\projects\oop assignment 2\oop assignment 2\x64\debug\oop assignment 2.tlog\link.command.1.tlog
c:\users\minhaj ahmed moin\documents\visual studio 2017\projects\oop assignment 2\oop assignment 2\x64\debug\oop assignment 2.tlog\link.read.1.tlog
c:\users\minhaj ahmed moin\documents\visual studio 2017\projects\oop assignment 2\oop assignment 2\x64\debug\oop assignment 2.tlog\link.write.1.tlog
